<?xml version="1.0" encoding="UTF-8"?>
<testsuite name="alfio.model.modification.ReservationRequestTest" tests="4" skipped="0" failures="0" errors="0" timestamp="2025-07-13T10:09:01" hostname="mac.home" time="0.002">
  <properties/>
  <testcase name="multipleMetadataNull()" classname="alfio.model.modification.ReservationRequestTest" time="0.001"/>
  <testcase name="single()" classname="alfio.model.modification.ReservationRequestTest" time="0.0"/>
  <testcase name="multiple()" classname="alfio.model.modification.ReservationRequestTest" time="0.0"/>
  <testcase name="multipleWithoutMetadata()" classname="alfio.model.modification.ReservationRequestTest" time="0.0"/>
  <system-out><![CDATA[]]></system-out>
  <system-err><![CDATA[]]></system-err>
</testsuite>
