<?xml version="1.0" encoding="UTF-8"?>
<testsuite name="alfio.manager.system.ConfigurationManagerTest" tests="2" skipped="0" failures="0" errors="0" timestamp="2025-07-13T10:08:52" hostname="mac.home" time="0.003">
  <properties/>
  <testcase name="testUnionOrganization()" classname="alfio.manager.system.ConfigurationManagerTest" time="0.001"/>
  <testcase name="testUnionEvent()" classname="alfio.manager.system.ConfigurationManagerTest" time="0.002"/>
  <system-out><![CDATA[]]></system-out>
  <system-err><![CDATA[]]></system-err>
</testsuite>
