<?xml version="1.0" encoding="UTF-8"?>
<testsuite name="alfio.util.TemplateResourceTest" tests="2" skipped="0" failures="0" errors="0" timestamp="2025-07-13T10:09:03" hostname="mac.home" time="0.011">
  <properties/>
  <testcase name="buildModelForTicketPDF()" classname="alfio.util.TemplateResourceTest" time="0.008"/>
  <testcase name="buildModelForTicketEmail()" classname="alfio.util.TemplateResourceTest" time="0.001"/>
  <system-out><![CDATA[]]></system-out>
  <system-err><![CDATA[]]></system-err>
</testsuite>
