<?xml version="1.0" encoding="UTF-8"?>
<testsuite name="alfio.model.decorator.AdditionalServiceItemPriceContainerTest" tests="4" skipped="0" failures="0" errors="0" timestamp="2025-07-13T10:09:01" hostname="mac.home" time="0.002">
  <properties/>
  <testcase name="fromDonation()" classname="alfio.model.decorator.AdditionalServiceItemPriceContainerTest" time="0.002"/>
  <testcase name="fromSupplementPercentageDiscount()" classname="alfio.model.decorator.AdditionalServiceItemPriceContainerTest" time="0.0"/>
  <testcase name="fromWithDiscountCodeNull()" classname="alfio.model.decorator.AdditionalServiceItemPriceContainerTest" time="0.0"/>
  <testcase name="fromSupplement()" classname="alfio.model.decorator.AdditionalServiceItemPriceContainerTest" time="0.0"/>
  <system-out><![CDATA[]]></system-out>
  <system-err><![CDATA[]]></system-err>
</testsuite>
