<?xml version="1.0" encoding="UTF-8"?>
<testsuite name="alfio.manager.system.BaseMailerTest" tests="4" skipped="0" failures="0" errors="0" timestamp="2025-07-13T10:08:52" hostname="mac.home" time="0.022">
  <properties/>
  <testcase name="doNotSetOrgEmailWhenReplyToIsAlreadySet()" classname="alfio.manager.system.BaseMailerTest" time="0.02"/>
  <testcase name="doNotSetOrgEmailWhenNotEnabled()" classname="alfio.manager.system.BaseMailerTest" time="0.0"/>
  <testcase name="setReplyToOrgEmailWhenEnabled()" classname="alfio.manager.system.BaseMailerTest" time="0.001"/>
  <testcase name="configurationIsRequired()" classname="alfio.manager.system.BaseMailerTest" time="0.001"/>
  <system-out><![CDATA[]]></system-out>
  <system-err><![CDATA[]]></system-err>
</testsuite>
