<?xml version="1.0" encoding="UTF-8"?>
<testsuite name="alfio.config.DataSourceConfigurationTest" tests="6" skipped="0" failures="0" errors="0" timestamp="2025-07-13T10:08:27" hostname="mac.home" time="0.835">
  <properties/>
  <testcase name="selectDefault()" classname="alfio.config.DataSourceConfigurationTest" time="0.806"/>
  <testcase name="selectCleverCloud()" classname="alfio.config.DataSourceConfigurationTest" time="0.02"/>
  <testcase name="selectOpenShift()" classname="alfio.config.DataSourceConfigurationTest" time="0.002"/>
  <testcase name="selectHeroku()" classname="alfio.config.DataSourceConfigurationTest" time="0.001"/>
  <testcase name="selectBeanstalk()" classname="alfio.config.DataSourceConfigurationTest" time="0.002"/>
  <testcase name="selectCloudFoundry()" classname="alfio.config.DataSourceConfigurationTest" time="0.0"/>
  <system-out><![CDATA[]]></system-out>
  <system-err><![CDATA[WARNING: A Java agent has been loaded dynamically (/Users/aritra/.gradle/caches/modules-2/files-2.1/net.bytebuddy/byte-buddy-agent/1.14.19/154da3a65b4f4a909d3e5bdec55d1b2b4cbb6ce1/byte-buddy-agent-1.14.19.jar)
WARNING: If a serviceability tool is in use, please run with -XX:+EnableDynamicAgentLoading to hide this warning
WARNING: If a serviceability tool is not in use, please run with -Djdk.instrument.traceUsage for more information
WARNING: Dynamic loading of agents will be disallowed by default in a future release
]]></system-err>
</testsuite>
