<?xml version="1.0" encoding="UTF-8"?>
<testsuite name="alfio.manager.support.CategoryEvaluatorTest" tests="4" skipped="0" failures="0" errors="0" timestamp="2025-07-13T10:08:52" hostname="mac.home" time="0.002">
  <properties/>
  <testcase name="allowTicketCancellationIfItBelongsToAPublicCategory()" classname="alfio.manager.support.CategoryEvaluatorTest" time="0.001"/>
  <testcase name="doNotAllowCancellationIfCategoryAllBounded()" classname="alfio.manager.support.CategoryEvaluatorTest" time="0.0"/>
  <testcase name="allowCancellationOnRestrictedCategoryIfAtLeastOneBounded()" classname="alfio.manager.support.CategoryEvaluatorTest" time="0.001"/>
  <testcase name="doNotAllowCancellationIfTicketStatusIsNotAcquired()" classname="alfio.manager.support.CategoryEvaluatorTest" time="0.0"/>
  <system-out><![CDATA[]]></system-out>
  <system-err><![CDATA[]]></system-err>
</testsuite>
