<?xml version="1.0" encoding="UTF-8"?>
<testsuite name="Request Header" tests="2" skipped="0" failures="0" errors="0" timestamp="2025-07-13T10:08:52" hostname="mac.home" time="0.0">
  <properties/>
  <testcase name="appendToNoRetry()" classname="alfio.manager.payment.saferpay.RequestHeaderBuilderTest" time="0.0"/>
  <testcase name="appendToComplete()" classname="alfio.manager.payment.saferpay.RequestHeaderBuilderTest" time="0.0"/>
  <system-out><![CDATA[]]></system-out>
  <system-err><![CDATA[]]></system-err>
</testsuite>
