<?xml version="1.0" encoding="UTF-8"?>
<testsuite name="alfio.util.MonetaryUtilTest" tests="5" skipped="0" failures="0" errors="0" timestamp="2025-07-13T10:09:03" hostname="mac.home" time="0.0">
  <properties/>
  <testcase name="addVAT()" classname="alfio.util.MonetaryUtilTest" time="0.0"/>
  <testcase name="unitToCents()" classname="alfio.util.MonetaryUtilTest" time="0.0"/>
  <testcase name="formatUnit()" classname="alfio.util.MonetaryUtilTest" time="0.0"/>
  <testcase name="centsToUnit()" classname="alfio.util.MonetaryUtilTest" time="0.0"/>
  <testcase name="formatCents()" classname="alfio.util.MonetaryUtilTest" time="0.0"/>
  <system-out><![CDATA[]]></system-out>
  <system-err><![CDATA[]]></system-err>
</testsuite>
