<?xml version="1.0" encoding="UTF-8"?>
<testsuite name="alfio.manager.payment.RevolutBankTransferManagerTest" tests="3" skipped="0" failures="0" errors="0" timestamp="2025-07-13T10:08:52" hostname="mac.home" time="0.082">
  <properties/>
  <testcase name="matchSingleTransaction()" classname="alfio.manager.payment.RevolutBankTransferManagerTest" time="0.079"/>
  <testcase name="matchSingleTransactionAutomaticConfirmation()" classname="alfio.manager.payment.RevolutBankTransferManagerTest" time="0.002"/>
  <testcase name="noMatches()" classname="alfio.manager.payment.RevolutBankTransferManagerTest" time="0.001"/>
  <system-out><![CDATA[]]></system-out>
  <system-err><![CDATA[]]></system-err>
</testsuite>
