<?xml version="1.0" encoding="UTF-8"?>
<testsuite name="alfio.manager.FileDownloadManagerIntegrationTest" tests="2" skipped="0" failures="0" errors="0" timestamp="2025-07-13T10:08:50" hostname="mac.home" time="0.009">
  <properties/>
  <testcase name="testFileDownloadSuccess()" classname="alfio.manager.FileDownloadManagerIntegrationTest" time="0.005"/>
  <testcase name="testFileDownloadNotFound()" classname="alfio.manager.FileDownloadManagerIntegrationTest" time="0.003"/>
  <system-out><![CDATA[2025-07-13 12:08:50 5.15.0 INFO 4242 started on port: 4242 
2025-07-13 12:08:50 5.15.0 INFO 4242 creating expectation:

  {
    "httpRequest" : {
      "method" : "GET",
      "path" : "/test.txt"
    },
    "httpResponse" : {
      "statusCode" : 200,
      "headers" : {
        "Content-Type" : [ "text/plain; charset=utf-8" ]
      },
      "body" : "Hello World!"
    },
    "id" : "80c90973-c5a9-435e-84aa-637e081ad166",
    "priority" : 0,
    "timeToLive" : {
      "unlimited" : true
    },
    "times" : {
      "unlimited" : true
    }
  }

 with id:

  80c90973-c5a9-435e-84aa-637e081ad166
 
2025-07-13 12:08:50 5.15.0 INFO 4242 creating expectation:

  {
    "httpRequest" : {
      "method" : "GET",
      "path" : "/404"
    },
    "httpResponse" : {
      "statusCode" : 404
    },
    "id" : "c1a43015-42c8-4ec6-9f9c-cdd0c8604788",
    "priority" : 0,
    "timeToLive" : {
      "unlimited" : true
    },
    "times" : {
      "unlimited" : true
    }
  }

 with id:

  c1a43015-42c8-4ec6-9f9c-cdd0c8604788
 
2025-07-13 12:08:50 5.15.0 INFO 4242 received request:

  {
    "method" : "GET",
    "path" : "/test.txt",
    "headers" : {
      "content-length" : [ "0" ],
      "User-Agent" : [ "Java-http-client/21.0.2" ],
      "Upgrade" : [ "h2c" ],
      "Host" : [ "localhost:4242" ],
      "HTTP2-Settings" : [ "AAEAAEAAAAIAAAABAAMAAABkAAQBAAAAAAUAAEAA" ],
      "Connection" : [ "Upgrade, HTTP2-Settings" ]
    },
    "keepAlive" : true,
    "secure" : false,
    "protocol" : "HTTP_1_1",
    "localAddress" : "127.0.0.1:4242",
    "remoteAddress" : "127.0.0.1:56373"
  }
 
2025-07-13 12:08:50 5.15.0 INFO 4242 request:

  {
    "method" : "GET",
    "path" : "/test.txt",
    "headers" : {
      "content-length" : [ "0" ],
      "User-Agent" : [ "Java-http-client/21.0.2" ],
      "Upgrade" : [ "h2c" ],
      "Host" : [ "localhost:4242" ],
      "HTTP2-Settings" : [ "AAEAAEAAAAIAAAABAAMAAABkAAQBAAAAAAUAAEAA" ],
      "Connection" : [ "Upgrade, HTTP2-Settings" ]
    },
    "keepAlive" : true,
    "secure" : false,
    "protocol" : "HTTP_1_1",
    "localAddress" : "127.0.0.1:4242",
    "remoteAddress" : "127.0.0.1:56373"
  }

 matched expectation:

  {
    "httpRequest" : {
      "method" : "GET",
      "path" : "/test.txt"
    },
    "httpResponse" : {
      "statusCode" : 200,
      "headers" : {
        "Content-Type" : [ "text/plain; charset=utf-8" ]
      },
      "body" : "Hello World!"
    },
    "id" : "80c90973-c5a9-435e-84aa-637e081ad166",
    "priority" : 0,
    "timeToLive" : {
      "unlimited" : true
    },
    "times" : {
      "unlimited" : true
    }
  }
 
2025-07-13 12:08:50 5.15.0 INFO 4242 returning response:

  {
    "statusCode" : 200,
    "headers" : {
      "Content-Type" : [ "text/plain; charset=utf-8" ]
    },
    "body" : "Hello World!"
  }

 for request:

  {
    "method" : "GET",
    "path" : "/test.txt",
    "headers" : {
      "content-length" : [ "0" ],
      "User-Agent" : [ "Java-http-client/21.0.2" ],
      "Upgrade" : [ "h2c" ],
      "Host" : [ "localhost:4242" ],
      "HTTP2-Settings" : [ "AAEAAEAAAAIAAAABAAMAAABkAAQBAAAAAAUAAEAA" ],
      "Connection" : [ "Upgrade, HTTP2-Settings" ]
    },
    "keepAlive" : true,
    "secure" : false,
    "protocol" : "HTTP_1_1",
    "localAddress" : "127.0.0.1:4242",
    "remoteAddress" : "127.0.0.1:56373"
  }

 for action:

  {
    "statusCode" : 200,
    "headers" : {
      "Content-Type" : [ "text/plain; charset=utf-8" ]
    },
    "body" : "Hello World!"
  }

 from expectation:

  80c90973-c5a9-435e-84aa-637e081ad166
 
2025-07-13 12:08:50 5.15.0 INFO 4242 received request:

  {
    "method" : "GET",
    "path" : "/404",
    "headers" : {
      "content-length" : [ "0" ],
      "User-Agent" : [ "Java-http-client/21.0.2" ],
      "Upgrade" : [ "h2c" ],
      "Host" : [ "localhost:4242" ],
      "HTTP2-Settings" : [ "AAEAAEAAAAIAAAABAAMAAABkAAQBAAAAAAUAAEAA" ],
      "Connection" : [ "Upgrade, HTTP2-Settings" ]
    },
    "keepAlive" : true,
    "secure" : false,
    "protocol" : "HTTP_1_1",
    "localAddress" : "127.0.0.1:4242",
    "remoteAddress" : "127.0.0.1:56374"
  }
 
2025-07-13 12:08:50 5.15.0 INFO 4242 request:

  {
    "method" : "GET",
    "path" : "/404",
    "headers" : {
      "content-length" : [ "0" ],
      "User-Agent" : [ "Java-http-client/21.0.2" ],
      "Upgrade" : [ "h2c" ],
      "Host" : [ "localhost:4242" ],
      "HTTP2-Settings" : [ "AAEAAEAAAAIAAAABAAMAAABkAAQBAAAAAAUAAEAA" ],
      "Connection" : [ "Upgrade, HTTP2-Settings" ]
    },
    "keepAlive" : true,
    "secure" : false,
    "protocol" : "HTTP_1_1",
    "localAddress" : "127.0.0.1:4242",
    "remoteAddress" : "127.0.0.1:56374"
  }

 didn't match expectation:

  {
    "httpRequest" : {
      "method" : "GET",
      "path" : "/test.txt"
    },
    "httpResponse" : {
      "statusCode" : 200,
      "headers" : {
        "Content-Type" : [ "text/plain; charset=utf-8" ]
      },
      "body" : "Hello World!"
    },
    "id" : "80c90973-c5a9-435e-84aa-637e081ad166",
    "priority" : 0,
    "timeToLive" : {
      "unlimited" : true
    },
    "times" : {
      "unlimited" : true
    }
  }

 because:

  method matched
  path didn't match
 
2025-07-13 12:08:50 5.15.0 INFO 4242 request:

  {
    "method" : "GET",
    "path" : "/404",
    "headers" : {
      "content-length" : [ "0" ],
      "User-Agent" : [ "Java-http-client/21.0.2" ],
      "Upgrade" : [ "h2c" ],
      "Host" : [ "localhost:4242" ],
      "HTTP2-Settings" : [ "AAEAAEAAAAIAAAABAAMAAABkAAQBAAAAAAUAAEAA" ],
      "Connection" : [ "Upgrade, HTTP2-Settings" ]
    },
    "keepAlive" : true,
    "secure" : false,
    "protocol" : "HTTP_1_1",
    "localAddress" : "127.0.0.1:4242",
    "remoteAddress" : "127.0.0.1:56374"
  }

 matched expectation:

  {
    "httpRequest" : {
      "method" : "GET",
      "path" : "/404"
    },
    "httpResponse" : {
      "statusCode" : 404
    },
    "id" : "c1a43015-42c8-4ec6-9f9c-cdd0c8604788",
    "priority" : 0,
    "timeToLive" : {
      "unlimited" : true
    },
    "times" : {
      "unlimited" : true
    }
  }
 
2025-07-13 12:08:50 5.15.0 INFO 4242 returning response:

  {
    "statusCode" : 404
  }

 for request:

  {
    "method" : "GET",
    "path" : "/404",
    "headers" : {
      "content-length" : [ "0" ],
      "User-Agent" : [ "Java-http-client/21.0.2" ],
      "Upgrade" : [ "h2c" ],
      "Host" : [ "localhost:4242" ],
      "HTTP2-Settings" : [ "AAEAAEAAAAIAAAABAAMAAABkAAQBAAAAAAUAAEAA" ],
      "Connection" : [ "Upgrade, HTTP2-Settings" ]
    },
    "keepAlive" : true,
    "secure" : false,
    "protocol" : "HTTP_1_1",
    "localAddress" : "127.0.0.1:4242",
    "remoteAddress" : "127.0.0.1:56374"
  }

 for action:

  {
    "statusCode" : 404
  }

 from expectation:

  c1a43015-42c8-4ec6-9f9c-cdd0c8604788
 
2025-07-13 12:08:50 5.15.0 WARNING downloading file not successful:(GET http://localhost:4242/404) 404 
2025-07-13 12:08:50 5.15.0 INFO 4242 stopped for port: 4242 
]]></system-out>
  <system-err><![CDATA[]]></system-err>
</testsuite>
