<?xml version="1.0" encoding="UTF-8"?>
<testsuite name="Event is present" tests="6" skipped="0" failures="0" errors="0" timestamp="2025-07-13T10:08:29" hostname="mac.home" time="0.047">
  <properties/>
  <testcase name="[1] param=it" classname="alfio.controller.IndexControllerTest$EventIsPresent" time="0.013"/>
  <testcase name="[2] param=de" classname="alfio.controller.IndexControllerTest$EventIsPresent" time="0.011"/>
  <testcase name="singleLanguage()" classname="alfio.controller.IndexControllerTest$EventIsPresent" time="0.006"/>
  <testcase name="multipleLanguages()" classname="alfio.controller.IndexControllerTest$EventIsPresent" time="0.005"/>
  <testcase name="singleLanguageWithWrongParam()" classname="alfio.controller.IndexControllerTest$EventIsPresent" time="0.005"/>
  <testcase name="singleLanguageWithParam()" classname="alfio.controller.IndexControllerTest$EventIsPresent" time="0.004"/>
  <system-out><![CDATA[]]></system-out>
  <system-err><![CDATA[]]></system-err>
</testsuite>
