<?xml version="1.0" encoding="UTF-8"?>
<testsuite name="alfio.model.TicketTest" tests="16" skipped="0" failures="0" errors="0" timestamp="2025-07-13T10:09:01" hostname="mac.home" time="0.009">
  <properties/>
  <testcase name="[1] caseInsensitive=true" classname="alfio.model.TicketTest" time="0.003"/>
  <testcase name="[2] caseInsensitive=false" classname="alfio.model.TicketTest" time="0.0"/>
  <testcase name="[1] letters=A/a,B/b,C/c,D/d,E/e,F/f,G/g,H/h,I/i,J/j,K/k,L/l,M/m,N/n,O/o,P/p,Q/q,R/r,S/s,T/t,U/u,V/v,W/w,X/x,Y/y,Z/z" classname="alfio.model.TicketTest" time="0.001"/>
  <testcase name="[2] letters=Α/α,Β/β,Γ/γ,Δ/δ,Ε/ε,Ζ/ζ,Η/η,Θ/θ,Ι/ι,Κ/κ,Λ/λ,Μ/μ,Ν/ν,Ξ/ξ,Ο/ο,Π/π,Ρ/ρ,Σ/σς,Τ/τ,Υ/υ,Φ/φ,Χ/χ,Ψ/ψ,Ω/ω" classname="alfio.model.TicketTest" time="0.0"/>
  <testcase name="[3] letters=Ç/ç,Ğ/ğ,I/i,İ/i,J/j,Ö/ö,Ş/ş,Ü/ü" classname="alfio.model.TicketTest" time="0.001"/>
  <testcase name="[4] letters=А/а,Б/б,В/в,Г/г,Д/д,Е/е,Ж/ж,З/з,И/и,Й/й,К/к,Л/л,М/м,Н/н,О/о,П/п,Р/р,С/с,Т/т,У/у,Ф/ф,Х/х,Ц/ц,Ч/ч,Ш/ш,Щ/щ,Ъ/ъ,Ь/ь,Ю/ю,Я/я" classname="alfio.model.TicketTest" time="0.0"/>
  <testcase name="[5] letters=Å/å,Ä/ä,Ö/ö" classname="alfio.model.TicketTest" time="0.0"/>
  <testcase name="[6] letters=Ă/ă,Â/â,I/i,Î/î,Ș/ș,Ț/ț" classname="alfio.model.TicketTest" time="0.001"/>
  <testcase name="[7] letters=Ä/ä,Ö/ö,Ü/ü,ẞ/ß" classname="alfio.model.TicketTest" time="0.0"/>
  <testcase name="[8] letters=Æ/æ,Ø/ø,Å/å" classname="alfio.model.TicketTest" time="0.0"/>
  <testcase name="[9] letters=Ą/ą,Ć/ć,Ę/ę,Ł/ł,Ń/ń,Ó/ó,Ś/ś,Ź/ź,Ż/ż" classname="alfio.model.TicketTest" time="0.001"/>
  <testcase name="[10] letters=À/à,È/è,É/é,Ì/ì,Ò/ò,Ù/ù" classname="alfio.model.TicketTest" time="0.0"/>
  <testcase name="[11] letters=万/万,丈/丈,三/三,上/上" classname="alfio.model.TicketTest" time="0.0"/>
  <testcase name="[12] letters=❤/❤,✅/✅" classname="alfio.model.TicketTest" time="0.001"/>
  <testcase name="[1] caseInsensitive=true" classname="alfio.model.TicketTest" time="0.0"/>
  <testcase name="[2] caseInsensitive=false" classname="alfio.model.TicketTest" time="0.0"/>
  <system-out><![CDATA[]]></system-out>
  <system-err><![CDATA[]]></system-err>
</testsuite>
