<?xml version="1.0" encoding="UTF-8"?>
<testsuite name="alfio.manager.TicketReservationManagerUnitTest" tests="5" skipped="0" failures="0" errors="0" timestamp="2025-07-13T10:08:51" hostname="mac.home" time="0.033">
  <properties/>
  <testcase name="totalReservationCost()" classname="alfio.manager.TicketReservationManagerUnitTest" time="0.028"/>
  <testcase name="doNotCallExtensionIfTicketsAreFreeOfCharge()" classname="alfio.manager.TicketReservationManagerUnitTest" time="0.001"/>
  <testcase name="callExtensionIfTicketsMustBePaid()" classname="alfio.manager.TicketReservationManagerUnitTest" time="0.001"/>
  <testcase name="addAuditingIfPromoCodeHasBeenCreated()" classname="alfio.manager.TicketReservationManagerUnitTest" time="0.001"/>
  <testcase name="totalReservationCostByID()" classname="alfio.manager.TicketReservationManagerUnitTest" time="0.001"/>
  <system-out><![CDATA[]]></system-out>
  <system-err><![CDATA[]]></system-err>
</testsuite>
