<?xml version="1.0" encoding="UTF-8"?>
<testsuite name="alfio.manager.payment.DeferredBankTransferManagerTest" tests="4" skipped="0" failures="0" errors="0" timestamp="2025-07-13T10:08:52" hostname="mac.home" time="0.003">
  <properties/>
  <testcase name="doNotAcceptPaymentRequestBecauseFlagIsNotActive()" classname="alfio.manager.payment.DeferredBankTransferManagerTest" time="0.001"/>
  <testcase name="doPayment()" classname="alfio.manager.payment.DeferredBankTransferManagerTest" time="0.0"/>
  <testcase name="acceptPaymentRequest()" classname="alfio.manager.payment.DeferredBankTransferManagerTest" time="0.001"/>
  <testcase name="acceptTransaction()" classname="alfio.manager.payment.DeferredBankTransferManagerTest" time="0.001"/>
  <system-out><![CDATA[]]></system-out>
  <system-err><![CDATA[]]></system-err>
</testsuite>
