<?xml version="1.0" encoding="UTF-8"?>
<testsuite name="alfio.model.PriceContainerTest" tests="8" skipped="0" failures="0" errors="0" timestamp="2025-07-13T10:08:52" hostname="mac.home" time="9.162">
  <properties/>
  <testcase name="getFinalPriceInputVatNotIncludedSingle()" classname="alfio.model.PriceContainerTest" time="0.001"/>
  <testcase name="getFinalPriceInputVatNotIncludedExemptSingle()" classname="alfio.model.PriceContainerTest" time="0.0"/>
  <testcase name="getFinalPriceInputVatIncludedExemptSingle()" classname="alfio.model.PriceContainerTest" time="0.001"/>
  <testcase name="totalPriceDoesNotIncludeVatIfSplitPayment()" classname="alfio.model.PriceContainerTest" time="0.0"/>
  <testcase name="getFinalPriceInputDoNotApplyVat()" classname="alfio.model.PriceContainerTest" time="0.0"/>
  <testcase name="getFinalPriceInputVatNotIncluded()" classname="alfio.model.PriceContainerTest" time="9.152"/>
  <testcase name="totalPriceZeroIfVatStatusIsNull()" classname="alfio.model.PriceContainerTest" time="0.002"/>
  <testcase name="testDoNotProduceNegativePrices()" classname="alfio.model.PriceContainerTest" time="0.004"/>
  <system-out><![CDATA[]]></system-out>
  <system-err><![CDATA[]]></system-err>
</testsuite>
