<?xml version="1.0" encoding="UTF-8"?>
<testsuite name="alfio.util.PreReservedTicketDistributorTest" tests="5" skipped="0" failures="0" errors="0" timestamp="2025-07-13T10:09:03" hostname="mac.home" time="0.002">
  <properties/>
  <testcase name="include only the first category (1 ticket requested)" classname="alfio.util.PreReservedTicketDistributorTest" time="0.001"/>
  <testcase name="include all the categories (23 tickets requested)" classname="alfio.util.PreReservedTicketDistributorTest" time="0.0"/>
  <testcase name="include all the categories (42 tickets requested)" classname="alfio.util.PreReservedTicketDistributorTest" time="0.0"/>
  <testcase name="include all the categories (43 tickets requested)" classname="alfio.util.PreReservedTicketDistributorTest" time="0.0"/>
  <testcase name="include only the first two categories (20 tickets requested)" classname="alfio.util.PreReservedTicketDistributorTest" time="0.001"/>
  <system-out><![CDATA[]]></system-out>
  <system-err><![CDATA[]]></system-err>
</testsuite>
