<?xml version="1.0" encoding="UTF-8"?>
<testsuite name="alfio.controller.support.TemplateProcessorTest" tests="2" skipped="0" failures="0" errors="0" timestamp="2025-07-13T10:08:32" hostname="mac.home" time="0.399">
  <properties/>
  <testcase name="resultingImageMustBeUnder300x150()" classname="alfio.controller.support.TemplateProcessorTest" time="0.398"/>
  <testcase name="testCoverityFindingDivisionByZero()" classname="alfio.controller.support.TemplateProcessorTest" time="0.001"/>
  <system-out><![CDATA[]]></system-out>
  <system-err><![CDATA[]]></system-err>
</testsuite>
