<?xml version="1.0" encoding="UTF-8"?>
<testsuite name="alfio.model.modification.PromoCodeDiscountWithFormattedTimeAndAmountTest" tests="2" skipped="0" failures="0" errors="0" timestamp="2025-07-13T10:09:01" hostname="mac.home" time="0.0">
  <properties/>
  <testcase name="getFormattedDiscountAmountUseEmbeddedCurrencyCode()" classname="alfio.model.modification.PromoCodeDiscountWithFormattedTimeAndAmountTest" time="0.0"/>
  <testcase name="getFormattedDiscountAmountUseEventCurrencyCode()" classname="alfio.model.modification.PromoCodeDiscountWithFormattedTimeAndAmountTest" time="0.0"/>
  <system-out><![CDATA[]]></system-out>
  <system-err><![CDATA[]]></system-err>
</testsuite>
