<?xml version="1.0" encoding="UTF-8"?>
<testsuite name="alfio.manager.TicketReservationManagerUnitTest$GenerateSummary" tests="8" skipped="0" failures="0" errors="0" timestamp="2025-07-13T10:08:51" hostname="mac.home" time="0.057">
  <properties/>
  <testcase name="testExtractSummaryVatNotIncluded()" classname="alfio.manager.TicketReservationManagerUnitTest$GenerateSummary" time="0.002"/>
  <testcase name="testExtractSummaryVatIncludedASInherited()" classname="alfio.manager.TicketReservationManagerUnitTest$GenerateSummary" time="0.044"/>
  <testcase name="testExtractSummaryVatNotIncludedASInherited()" classname="alfio.manager.TicketReservationManagerUnitTest$GenerateSummary" time="0.002"/>
  <testcase name="testExtractSummaryVatNotIncludedASNone()" classname="alfio.manager.TicketReservationManagerUnitTest$GenerateSummary" time="0.002"/>
  <testcase name="testExtractSummaryVatNotIncludedExempt()" classname="alfio.manager.TicketReservationManagerUnitTest$GenerateSummary" time="0.001"/>
  <testcase name="testExtractSummaryVatIncluded()" classname="alfio.manager.TicketReservationManagerUnitTest$GenerateSummary" time="0.002"/>
  <testcase name="testExtractSummaryVatIncludedASNone()" classname="alfio.manager.TicketReservationManagerUnitTest$GenerateSummary" time="0.001"/>
  <testcase name="testExtractSummaryVatIncludedExempt()" classname="alfio.manager.TicketReservationManagerUnitTest$GenerateSummary" time="0.001"/>
  <system-out><![CDATA[]]></system-out>
  <system-err><![CDATA[]]></system-err>
</testsuite>
