<?xml version="1.0" encoding="UTF-8"?>
<testsuite name="alfio.extension.ExtensionServiceTest" tests="3" skipped="0" failures="0" errors="0" timestamp="2025-07-13T10:08:32" hostname="mac.home" time="0.102">
  <properties/>
  <testcase name="validationOKNoCapabilities()" classname="alfio.extension.ExtensionServiceTest" time="0.1"/>
  <testcase name="validationOK()" classname="alfio.extension.ExtensionServiceTest" time="0.0"/>
  <testcase name="validationFailed()" classname="alfio.extension.ExtensionServiceTest" time="0.001"/>
  <system-out><![CDATA[]]></system-out>
  <system-err><![CDATA[]]></system-err>
</testsuite>
