<?xml version="1.0" encoding="UTF-8"?>
<testsuite name="EventManager: handle Ticket modifications" tests="7" skipped="0" failures="0" errors="0" timestamp="2025-07-13T10:08:50" hostname="mac.home" time="0.007">
  <properties/>
  <testcase name="throw Exception if there are not enough tickets" classname="alfio.manager.EventManagerHandleTicketModificationTest" time="0.001"/>
  <testcase name="insert a new Ticket if the difference is 1" classname="alfio.manager.EventManagerHandleTicketModificationTest" time="0.002"/>
  <testcase name="do nothing if the difference is zero" classname="alfio.manager.EventManagerHandleTicketModificationTest" time="0.0"/>
  <testcase name="throw exception if there are tickets already sold" classname="alfio.manager.EventManagerHandleTicketModificationTest" time="0.001"/>
  <testcase name="update tickets if constraints are verified" classname="alfio.manager.EventManagerHandleTicketModificationTest" time="0.0"/>
  <testcase name="do nothing if the price is not changed" classname="alfio.manager.EventManagerHandleTicketModificationTest" time="0.0"/>
  <testcase name="invalidate exceeding tickets" classname="alfio.manager.EventManagerHandleTicketModificationTest" time="0.001"/>
  <system-out><![CDATA[]]></system-out>
  <system-err><![CDATA[]]></system-err>
</testsuite>
