<?xml version="1.0" encoding="UTF-8"?>
<testsuite name="alfio.manager.payment.StripeConnectManagerTest" tests="2" skipped="0" failures="0" errors="0" timestamp="2025-07-13T10:08:52" hostname="mac.home" time="0.004">
  <properties/>
  <testcase name="getConnectURLWithStandardState()" classname="alfio.manager.payment.StripeConnectManagerTest" time="0.003"/>
  <testcase name="getConnectURLWithCustomState()" classname="alfio.manager.payment.StripeConnectManagerTest" time="0.001"/>
  <system-out><![CDATA[]]></system-out>
  <system-err><![CDATA[]]></system-err>
</testsuite>
