<?xml version="1.0" encoding="UTF-8"?>
<testsuite name="alfio.manager.EventNameManagerTest" tests="7" skipped="0" failures="0" errors="0" timestamp="2025-07-13T10:08:50" hostname="mac.home" time="0.006">
  <properties/>
  <testcase name="croppedNameIfMoreThan15Chars()" classname="alfio.manager.EventNameManagerTest" time="0.002"/>
  <testcase name="randomNameIfCroppedNotAvailable()" classname="alfio.manager.EventNameManagerTest" time="0.001"/>
  <testcase name="removePunctuation()" classname="alfio.manager.EventNameManagerTest" time="0.0"/>
  <testcase name="testSingleWord()" classname="alfio.manager.EventNameManagerTest" time="0.0"/>
  <testcase name="removeUnicodeCharacters()" classname="alfio.manager.EventNameManagerTest" time="0.001"/>
  <testcase name="giveUpAfter5Times()" classname="alfio.manager.EventNameManagerTest" time="0.0"/>
  <testcase name="dashedLowerCaseIfLessThan15Chars()" classname="alfio.manager.EventNameManagerTest" time="0.0"/>
  <system-out><![CDATA[]]></system-out>
  <system-err><![CDATA[]]></system-err>
</testsuite>
