<?xml version="1.0" encoding="UTF-8"?>
<testsuite name="alfio.MigrationValidatorTest" tests="1" skipped="1" failures="0" errors="0" timestamp="2025-07-13T10:08:27" hostname="mac.home" time="0.0">
  <properties/>
  <testcase name="testMigration()" classname="alfio.MigrationValidatorTest" time="0.0">
    <skipped/>
  </testcase>
  <system-out><![CDATA[]]></system-out>
  <system-err><![CDATA[SLF4J: Class path contains multiple SLF4J providers.
SLF4J: Found provider [org.slf4j.jul.JULServiceProvider@1dad01fe]
SLF4J: Found provider [org.apache.logging.slf4j.SLF4JServiceProvider@3728a578]
SLF4J: See https://www.slf4j.org/codes.html#multiple_bindings for an explanation.
SLF4J: Actual provider is of type [org.slf4j.jul.JULServiceProvider@1dad01fe]
]]></system-err>
</testsuite>
