<?xml version="1.0" encoding="UTF-8"?>
<testsuite name="alfio.util.ItalianTaxIdValidatorTest" tests="25" skipped="0" failures="0" errors="0" timestamp="2025-07-13T10:09:03" hostname="mac.home" time="0.007">
  <properties/>
  <testcase name="[1] number=63828920585" classname="alfio.util.ItalianTaxIdValidatorTest" time="0.001"/>
  <testcase name="[2] number=58148510561" classname="alfio.util.ItalianTaxIdValidatorTest" time="0.0"/>
  <testcase name="[3] number=61579460223" classname="alfio.util.ItalianTaxIdValidatorTest" time="0.0"/>
  <testcase name="[1] number=63828920583" classname="alfio.util.ItalianTaxIdValidatorTest" time="0.0"/>
  <testcase name="[2] number=58148510562" classname="alfio.util.ItalianTaxIdValidatorTest" time="0.0"/>
  <testcase name="[3] number=61579460221" classname="alfio.util.ItalianTaxIdValidatorTest" time="0.001"/>
  <testcase name="[1] number=63828920585" classname="alfio.util.ItalianTaxIdValidatorTest" time="0.0"/>
  <testcase name="[2] number=58148510561" classname="alfio.util.ItalianTaxIdValidatorTest" time="0.0"/>
  <testcase name="[3] number=61579460223" classname="alfio.util.ItalianTaxIdValidatorTest" time="0.0"/>
  <testcase name="[1] number=63828920583" classname="alfio.util.ItalianTaxIdValidatorTest" time="0.0"/>
  <testcase name="[2] number=58148510562" classname="alfio.util.ItalianTaxIdValidatorTest" time="0.0"/>
  <testcase name="[3] number=61579460221" classname="alfio.util.ItalianTaxIdValidatorTest" time="0.0"/>
  <testcase name="[4] number=615794602211" classname="alfio.util.ItalianTaxIdValidatorTest" time="0.0"/>
  <testcase name="[5] number=615794602" classname="alfio.util.ItalianTaxIdValidatorTest" time="0.0"/>
  <testcase name="validateNamePart()" classname="alfio.util.ItalianTaxIdValidatorTest" time="0.001"/>
  <testcase name="namePartValidationFailure()" classname="alfio.util.ItalianTaxIdValidatorTest" time="0.0"/>
  <testcase name="[1] number=SMPHMR66A01B602I" classname="alfio.util.ItalianTaxIdValidatorTest" time="0.0"/>
  <testcase name="[2] number=SMPLSI96L50C770S" classname="alfio.util.ItalianTaxIdValidatorTest" time="0.0"/>
  <testcase name="[3] number=PRSBTL38H18H826X" classname="alfio.util.ItalianTaxIdValidatorTest" time="0.0"/>
  <testcase name="[4] number=prsbtl38h18h826x" classname="alfio.util.ItalianTaxIdValidatorTest" time="0.0"/>
  <testcase name="[1] number=SMPHMR66A01B602F" classname="alfio.util.ItalianTaxIdValidatorTest" time="0.0"/>
  <testcase name="[2] number=SMPLSI96L50C770A" classname="alfio.util.ItalianTaxIdValidatorTest" time="0.0"/>
  <testcase name="[3] number=PRSBTL38H18H826S" classname="alfio.util.ItalianTaxIdValidatorTest" time="0.0"/>
  <testcase name="[4] number=PRSBTL38H18H826" classname="alfio.util.ItalianTaxIdValidatorTest" time="0.0"/>
  <testcase name="[5] number=PRSBTL38H18H826SX" classname="alfio.util.ItalianTaxIdValidatorTest" time="0.0"/>
  <system-out><![CDATA[]]></system-out>
  <system-err><![CDATA[]]></system-err>
</testsuite>
