<?xml version="1.0" encoding="UTF-8"?>
<testsuite name="alfio.manager.i18n.MessageSourceManagerTest" tests="2" skipped="0" failures="0" errors="0" timestamp="2025-07-13T10:08:52" hostname="mac.home" time="0.001">
  <properties/>
  <testcase name="cleanTranslationsForFrontend()" classname="alfio.manager.i18n.MessageSourceManagerTest" time="0.001"/>
  <testcase name="cleanArguments()" classname="alfio.manager.i18n.MessageSourceManagerTest" time="0.0"/>
  <system-out><![CDATA[]]></system-out>
  <system-err><![CDATA[]]></system-err>
</testsuite>
