<?xml version="1.0" encoding="UTF-8"?>
<testsuite name="DataMigrator: parse version" tests="4" skipped="0" failures="0" errors="0" timestamp="2025-07-13T10:08:52" hostname="mac.home" time="0.001">
  <properties/>
  <testcase name="parse a patch release" classname="alfio.manager.system.DataMigratorTest" time="0.0"/>
  <testcase name="parse a stable version" classname="alfio.manager.system.DataMigratorTest" time="0.001"/>
  <testcase name="parse a snapshot version" classname="alfio.manager.system.DataMigratorTest" time="0.0"/>
  <testcase name="return zero if unknown" classname="alfio.manager.system.DataMigratorTest" time="0.0"/>
  <system-out><![CDATA[]]></system-out>
  <system-err><![CDATA[]]></system-err>
</testsuite>
