<?xml version="1.0" encoding="UTF-8"?>
<testsuite name="alfio.manager.PaymentManagerTest" tests="2" skipped="0" failures="0" errors="0" timestamp="2025-07-13T10:08:50" hostname="mac.home" time="0.068">
  <properties/>
  <testcase name="selectionConflict()" classname="alfio.manager.PaymentManagerTest" time="0.067"/>
  <testcase name="validSelection()" classname="alfio.manager.PaymentManagerTest" time="0.0"/>
  <system-out><![CDATA[]]></system-out>
  <system-err><![CDATA[]]></system-err>
</testsuite>
