<?xml version="1.0" encoding="UTF-8"?>
<testsuite name="EventManager: unbind tickets from category" tests="3" skipped="0" failures="0" errors="0" timestamp="2025-07-13T10:08:50" hostname="mac.home" time="0.082">
  <properties/>
  <testcase name="should not unbind from an event which doesn't contain unbounded categories" classname="alfio.manager.EventManagerUnbindTicketsTest" time="0.057"/>
  <testcase name="should not unbind from a category which is not bounded" classname="alfio.manager.EventManagerUnbindTicketsTest" time="0.024"/>
  <testcase name="should unbind tickets from a bounded category" classname="alfio.manager.EventManagerUnbindTicketsTest" time="0.001"/>
  <system-out><![CDATA[]]></system-out>
  <system-err><![CDATA[]]></system-err>
</testsuite>
