<?xml version="1.0" encoding="UTF-8"?>
<testsuite name="alfio.manager.TicketReservationManagerTest" tests="50" skipped="0" failures="0" errors="0" timestamp="2025-07-13T10:08:51" hostname="mac.home" time="0.657">
  <properties/>
  <testcase name="doNotSendWarningEmailIfAdmin()" classname="alfio.manager.TicketReservationManagerTest" time="0.377"/>
  <testcase name="confirmAndLockTickets()" classname="alfio.manager.TicketReservationManagerTest" time="0.034"/>
  <testcase name="cancelExpiredReservations()" classname="alfio.manager.TicketReservationManagerTest" time="0.003"/>
  <testcase name="returnConfiguredWaitingTimeConsideringEventStart()" classname="alfio.manager.TicketReservationManagerTest" time="0.002"/>
  <testcase name="sendWarningEmailToOrganizer()" classname="alfio.manager.TicketReservationManagerTest" time="0.024"/>
  <testcase name="returnFailureCodeIfPaymentNotSuccessful()" classname="alfio.manager.TicketReservationManagerTest" time="0.002"/>
  <testcase name="testValidatePaymentMethodsPartiallyAllowed()" classname="alfio.manager.TicketReservationManagerTest" time="0.002"/>
  <testcase name="reservationURLGeneration()" classname="alfio.manager.TicketReservationManagerTest" time="0.004"/>
  <testcase name="returnTheExpiredDateAsConfigured()" classname="alfio.manager.TicketReservationManagerTest" time="0.003"/>
  <testcase name="reserveTicketsForBoundedCategoriesWaitingQueue()" classname="alfio.manager.TicketReservationManagerTest" time="0.004"/>
  <testcase name="sendReminderOnlyIfNoPreviousNotifications()" classname="alfio.manager.TicketReservationManagerTest" time="0.003"/>
  <testcase name="doNotCompleteReservationIfAlreadyCompleted()" classname="alfio.manager.TicketReservationManagerTest" time="0.002"/>
  <testcase name="cannotReleaseRestrictedTicketIfNoUnboundedCategory()" classname="alfio.manager.TicketReservationManagerTest" time="0.003"/>
  <testcase name="sendEmailToAssigneeOnSuccess()" classname="alfio.manager.TicketReservationManagerTest" time="0.004"/>
  <testcase name="testDetectTicketNotReassigned()" classname="alfio.manager.TicketReservationManagerTest" time="0.002"/>
  <testcase name="neverReturnADateInThePast()" classname="alfio.manager.TicketReservationManagerTest" time="0.005"/>
  <testcase name="returnTheConfiguredWaitingTime()" classname="alfio.manager.TicketReservationManagerTest" time="0.002"/>
  <testcase name="reserveTicketsForUnboundedCategories()" classname="alfio.manager.TicketReservationManagerTest" time="0.003"/>
  <testcase name="doNothingIfNoReservations()" classname="alfio.manager.TicketReservationManagerTest" time="0.001"/>
  <testcase name="confirmPaidReservation()" classname="alfio.manager.TicketReservationManagerTest" time="0.003"/>
  <testcase name="testDetectTicketWasNotYetAssigned()" classname="alfio.manager.TicketReservationManagerTest" time="0.002"/>
  <testcase name="testValidatePaymentMethodsAllowed()" classname="alfio.manager.TicketReservationManagerTest" time="0.002"/>
  <testcase name="reserveTicketsForCategoryWithAccessCode()" classname="alfio.manager.TicketReservationManagerTest" time="0.028"/>
  <testcase name="doNotSendAssignmentReminderAfterEventEnd()" classname="alfio.manager.TicketReservationManagerTest" time="0.003"/>
  <testcase name="doNotSendReminderTooEarly()" classname="alfio.manager.TicketReservationManagerTest" time="0.002"/>
  <testcase name="lockFailed()" classname="alfio.manager.TicketReservationManagerTest" time="0.003"/>
  <testcase name="confirmPaidReservationButDoNotSendEmail()" classname="alfio.manager.TicketReservationManagerTest" time="0.003"/>
  <testcase name="sendAssignmentReminderBeforeEventEnd()" classname="alfio.manager.TicketReservationManagerTest" time="0.003"/>
  <testcase name="releaseRestrictedTicketIfUnboundedCategoryPresent()" classname="alfio.manager.TicketReservationManagerTest" time="0.003"/>
  <testcase name="sendWarningEmailIfNotAdmin()" classname="alfio.manager.TicketReservationManagerTest" time="0.002"/>
  <testcase name="considerZoneIdWhileCheckingExpired()" classname="alfio.manager.TicketReservationManagerTest" time="0.002"/>
  <testcase name="testBuildCompleteBillingAddress()" classname="alfio.manager.TicketReservationManagerTest" time="0.003"/>
  <testcase name="testValidatePaymentMethodsPayPalError()" classname="alfio.manager.TicketReservationManagerTest" time="0.002"/>
  <testcase name="dontSendWarningEmailIfNotAcquiredStatus()" classname="alfio.manager.TicketReservationManagerTest" time="0.003"/>
  <testcase name="countAvailableTickets()" classname="alfio.manager.TicketReservationManagerTest" time="0.002"/>
  <testcase name="handleOnSitePaymentMethod()" classname="alfio.manager.TicketReservationManagerTest" time="0.023"/>
  <testcase name="testDetectTicketReassigned()" classname="alfio.manager.TicketReservationManagerTest" time="0.002"/>
  <testcase name="reserveTicketsForUnboundedCategoriesWaitingQueue()" classname="alfio.manager.TicketReservationManagerTest" time="0.002"/>
  <testcase name="considerZoneIdWhileChecking()" classname="alfio.manager.TicketReservationManagerTest" time="0.003"/>
  <testcase name="doNotSendReminderIfPreviousNotifications()" classname="alfio.manager.TicketReservationManagerTest" time="0.002"/>
  <testcase name="handleOfflinePaymentMethod()" classname="alfio.manager.TicketReservationManagerTest" time="0.024"/>
  <testcase name="doNotSendReminderIfTicketHasAlreadyBeenModified()" classname="alfio.manager.TicketReservationManagerTest" time="0.003"/>
  <testcase name="fallbackToCurrentLocale()" classname="alfio.manager.TicketReservationManagerTest" time="0.003"/>
  <testcase name="considerEventBeginDateWhileCalculatingExpDate()" classname="alfio.manager.TicketReservationManagerTest" time="0.002"/>
  <testcase name="throwExceptionIfMultipleTickets()" classname="alfio.manager.TicketReservationManagerTest" time="0.002"/>
  <testcase name="testValidatePaymentMethodsReservationFreeOfCharge()" classname="alfio.manager.TicketReservationManagerTest" time="0.002"/>
  <testcase name="confirmOfflinePayments()" classname="alfio.manager.TicketReservationManagerTest" time="0.029"/>
  <testcase name="reservationUrlForExternalClients()" classname="alfio.manager.TicketReservationManagerTest" time="0.002"/>
  <testcase name="reserveTicketsForBoundedCategories()" classname="alfio.manager.TicketReservationManagerTest" time="0.002"/>
  <testcase name="testValidatePaymentMethodsAllBlacklisted()" classname="alfio.manager.TicketReservationManagerTest" time="0.002"/>
  <system-out><![CDATA[2025-07-13 12:08:51 5.15.0 WARNING Reservation null: forced assignee replacement old: null new: user 
2025-07-13 12:08:51 5.15.0 WARNING accepting offline payments the same day is a very bad practice and should be avoided. Please set cash payment as payment method next time 
2025-07-13 12:08:51 5.15.0 SEVERE unexpected error during payment confirmation 
java.util.NoSuchElementException: No value present
	at java.base/java.util.Optional.orElseThrow(Optional.java:377)
	at alfio.manager.TicketReservationManager.transitionToComplete(TicketReservationManager.java:708)
	at alfio.manager.TicketReservationManager.performPayment(TicketReservationManager.java:654)
	at alfio.manager.TicketReservationManagerTest.testPaidReservation(TicketReservationManagerTest.java:898)
	at alfio.manager.TicketReservationManagerTest.testPaidReservation(TicketReservationManagerTest.java:927)
	at alfio.manager.TicketReservationManagerTest.lockFailed(TicketReservationManagerTest.java:873)
	at java.base/jdk.internal.reflect.DirectMethodHandleAccessor.invoke(DirectMethodHandleAccessor.java:103)
	at java.base/java.lang.reflect.Method.invoke(Method.java:580)
	at org.junit.platform.commons.util.ReflectionUtils.invokeMethod(ReflectionUtils.java:728)
	at org.junit.jupiter.engine.execution.MethodInvocation.proceed(MethodInvocation.java:60)
	at org.junit.jupiter.engine.execution.InvocationInterceptorChain$ValidatingInvocation.proceed(InvocationInterceptorChain.java:131)
	at org.junit.jupiter.engine.extension.TimeoutExtension.intercept(TimeoutExtension.java:156)
	at org.junit.jupiter.engine.extension.TimeoutExtension.interceptTestableMethod(TimeoutExtension.java:147)
	at org.junit.jupiter.engine.extension.TimeoutExtension.interceptTestMethod(TimeoutExtension.java:86)
	at org.junit.jupiter.engine.execution.InterceptingExecutableInvoker$ReflectiveInterceptorCall.lambda$ofVoidMethod$0(InterceptingExecutableInvoker.java:103)
	at org.junit.jupiter.engine.execution.InterceptingExecutableInvoker.lambda$invoke$0(InterceptingExecutableInvoker.java:93)
	at org.junit.jupiter.engine.execution.InvocationInterceptorChain$InterceptedInvocation.proceed(InvocationInterceptorChain.java:106)
	at org.junit.jupiter.engine.execution.InvocationInterceptorChain.proceed(InvocationInterceptorChain.java:64)
	at org.junit.jupiter.engine.execution.InvocationInterceptorChain.chainAndInvoke(InvocationInterceptorChain.java:45)
	at org.junit.jupiter.engine.execution.InvocationInterceptorChain.invoke(InvocationInterceptorChain.java:37)
	at org.junit.jupiter.engine.execution.InterceptingExecutableInvoker.invoke(InterceptingExecutableInvoker.java:92)
	at org.junit.jupiter.engine.execution.InterceptingExecutableInvoker.invoke(InterceptingExecutableInvoker.java:86)
	at org.junit.jupiter.engine.descriptor.TestMethodTestDescriptor.lambda$invokeTestMethod$7(TestMethodTestDescriptor.java:218)
	at org.junit.platform.engine.support.hierarchical.ThrowableCollector.execute(ThrowableCollector.java:73)
	at org.junit.jupiter.engine.descriptor.TestMethodTestDescriptor.invokeTestMethod(TestMethodTestDescriptor.java:214)
	at org.junit.jupiter.engine.descriptor.TestMethodTestDescriptor.execute(TestMethodTestDescriptor.java:139)
	at org.junit.jupiter.engine.descriptor.TestMethodTestDescriptor.execute(TestMethodTestDescriptor.java:69)
	at org.junit.platform.engine.support.hierarchical.NodeTestTask.lambda$executeRecursively$6(NodeTestTask.java:156)
	at org.junit.platform.engine.support.hierarchical.ThrowableCollector.execute(ThrowableCollector.java:73)
	at org.junit.platform.engine.support.hierarchical.NodeTestTask.lambda$executeRecursively$8(NodeTestTask.java:146)
	at org.junit.platform.engine.support.hierarchical.Node.around(Node.java:137)
	at org.junit.platform.engine.support.hierarchical.NodeTestTask.lambda$executeRecursively$9(NodeTestTask.java:144)
	at org.junit.platform.engine.support.hierarchical.ThrowableCollector.execute(ThrowableCollector.java:73)
	at org.junit.platform.engine.support.hierarchical.NodeTestTask.executeRecursively(NodeTestTask.java:143)
	at org.junit.platform.engine.support.hierarchical.NodeTestTask.execute(NodeTestTask.java:100)
	at java.base/java.util.ArrayList.forEach(ArrayList.java:1596)
	at org.junit.platform.engine.support.hierarchical.SameThreadHierarchicalTestExecutorService.invokeAll(SameThreadHierarchicalTestExecutorService.java:41)
	at org.junit.platform.engine.support.hierarchical.NodeTestTask.lambda$executeRecursively$6(NodeTestTask.java:160)
	at org.junit.platform.engine.support.hierarchical.ThrowableCollector.execute(ThrowableCollector.java:73)
	at org.junit.platform.engine.support.hierarchical.NodeTestTask.lambda$executeRecursively$8(NodeTestTask.java:146)
	at org.junit.platform.engine.support.hierarchical.Node.around(Node.java:137)
	at org.junit.platform.engine.support.hierarchical.NodeTestTask.lambda$executeRecursively$9(NodeTestTask.java:144)
	at org.junit.platform.engine.support.hierarchical.ThrowableCollector.execute(ThrowableCollector.java:73)
	at org.junit.platform.engine.support.hierarchical.NodeTestTask.executeRecursively(NodeTestTask.java:143)
	at org.junit.platform.engine.support.hierarchical.NodeTestTask.execute(NodeTestTask.java:100)
	at java.base/java.util.ArrayList.forEach(ArrayList.java:1596)
	at org.junit.platform.engine.support.hierarchical.SameThreadHierarchicalTestExecutorService.invokeAll(SameThreadHierarchicalTestExecutorService.java:41)
	at org.junit.platform.engine.support.hierarchical.NodeTestTask.lambda$executeRecursively$6(NodeTestTask.java:160)
	at org.junit.platform.engine.support.hierarchical.ThrowableCollector.execute(ThrowableCollector.java:73)
	at org.junit.platform.engine.support.hierarchical.NodeTestTask.lambda$executeRecursively$8(NodeTestTask.java:146)
	at org.junit.platform.engine.support.hierarchical.Node.around(Node.java:137)
	at org.junit.platform.engine.support.hierarchical.NodeTestTask.lambda$executeRecursively$9(NodeTestTask.java:144)
	at org.junit.platform.engine.support.hierarchical.ThrowableCollector.execute(ThrowableCollector.java:73)
	at org.junit.platform.engine.support.hierarchical.NodeTestTask.executeRecursively(NodeTestTask.java:143)
	at org.junit.platform.engine.support.hierarchical.NodeTestTask.execute(NodeTestTask.java:100)
	at org.junit.platform.engine.support.hierarchical.SameThreadHierarchicalTestExecutorService.submit(SameThreadHierarchicalTestExecutorService.java:35)
	at org.junit.platform.engine.support.hierarchical.HierarchicalTestExecutor.execute(HierarchicalTestExecutor.java:57)
	at org.junit.platform.engine.support.hierarchical.HierarchicalTestEngine.execute(HierarchicalTestEngine.java:54)
	at org.junit.platform.launcher.core.EngineExecutionOrchestrator.execute(EngineExecutionOrchestrator.java:107)
	at org.junit.platform.launcher.core.EngineExecutionOrchestrator.execute(EngineExecutionOrchestrator.java:88)
	at org.junit.platform.launcher.core.EngineExecutionOrchestrator.lambda$execute$0(EngineExecutionOrchestrator.java:54)
	at org.junit.platform.launcher.core.EngineExecutionOrchestrator.withInterceptedStreams(EngineExecutionOrchestrator.java:67)
	at org.junit.platform.launcher.core.EngineExecutionOrchestrator.execute(EngineExecutionOrchestrator.java:52)
	at org.junit.platform.launcher.core.DefaultLauncher.execute(DefaultLauncher.java:114)
	at org.junit.platform.launcher.core.DefaultLauncher.execute(DefaultLauncher.java:86)
	at org.junit.platform.launcher.core.DefaultLauncherSession$DelegatingLauncher.execute(DefaultLauncherSession.java:86)
	at org.gradle.api.internal.tasks.testing.junitplatform.JUnitPlatformTestClassProcessor$CollectAllTestClassesExecutor.processAllTestClasses(JUnitPlatformTestClassProcessor.java:119)
	at org.gradle.api.internal.tasks.testing.junitplatform.JUnitPlatformTestClassProcessor$CollectAllTestClassesExecutor.access$000(JUnitPlatformTestClassProcessor.java:94)
	at org.gradle.api.internal.tasks.testing.junitplatform.JUnitPlatformTestClassProcessor.stop(JUnitPlatformTestClassProcessor.java:89)
	at org.gradle.api.internal.tasks.testing.SuiteTestClassProcessor.stop(SuiteTestClassProcessor.java:62)
	at java.base/jdk.internal.reflect.DirectMethodHandleAccessor.invoke(DirectMethodHandleAccessor.java:103)
	at java.base/java.lang.reflect.Method.invoke(Method.java:580)
	at org.gradle.internal.dispatch.ReflectionDispatch.dispatch(ReflectionDispatch.java:36)
	at org.gradle.internal.dispatch.ReflectionDispatch.dispatch(ReflectionDispatch.java:24)
	at org.gradle.internal.dispatch.ContextClassLoaderDispatch.dispatch(ContextClassLoaderDispatch.java:33)
	at org.gradle.internal.dispatch.ProxyDispatchAdapter$DispatchingInvocationHandler.invoke(ProxyDispatchAdapter.java:94)
	at jdk.proxy2/jdk.proxy2.$Proxy5.stop(Unknown Source)
	at org.gradle.api.internal.tasks.testing.worker.TestWorker$3.run(TestWorker.java:193)
	at org.gradle.api.internal.tasks.testing.worker.TestWorker.executeAndMaintainThreadName(TestWorker.java:129)
	at org.gradle.api.internal.tasks.testing.worker.TestWorker.execute(TestWorker.java:100)
	at org.gradle.api.internal.tasks.testing.worker.TestWorker.execute(TestWorker.java:60)
	at org.gradle.process.internal.worker.child.ActionExecutionWorker.execute(ActionExecutionWorker.java:56)
	at org.gradle.process.internal.worker.child.SystemApplicationClassLoaderWorker.call(SystemApplicationClassLoaderWorker.java:113)
	at org.gradle.process.internal.worker.child.SystemApplicationClassLoaderWorker.call(SystemApplicationClassLoaderWorker.java:65)
	at worker.org.gradle.process.internal.worker.GradleWorkerMain.run(GradleWorkerMain.java:69)
	at worker.org.gradle.process.internal.worker.GradleWorkerMain.main(GradleWorkerMain.java:74)

2025-07-13 12:08:51 5.15.0 SEVERE Cannot proceed with reservation. No payment methods available [PaymentManager.PaymentMethodDTO(paymentProxy=STRIPE, paymentMethod=CREDIT_CARD, status=ACTIVE), PaymentManager.PaymentMethodDTO(paymentProxy=ON_SITE, paymentMethod=ON_SITE, status=ACTIVE), PaymentManager.PaymentMethodDTO(paymentProxy=OFFLINE, paymentMethod=BANK_TRANSFER, status=ACTIVE), PaymentManager.PaymentMethodDTO(paymentProxy=MOLLIE, paymentMethod=IDEAL, status=ACTIVE), PaymentManager.PaymentMethodDTO(paymentProxy=SAFERPAY, paymentMethod=CREDIT_CARD, status=ACTIVE)] or all blacklisted [CREDIT_CARD, IDEAL, BANK_TRANSFER, ON_SITE, APPLE_PAY, BANCONTACT, ING_HOME_PAY, BELFIUS, KBC, PRZELEWY_24, ALIPAY, POSTFINANCE, TWINT] 
2025-07-13 12:08:51 5.15.0 SEVERE Cannot proceed with reservation. No payment methods available [PaymentManager.PaymentMethodDTO(paymentProxy=STRIPE, paymentMethod=CREDIT_CARD, status=ACTIVE), PaymentManager.PaymentMethodDTO(paymentProxy=ON_SITE, paymentMethod=ON_SITE, status=ACTIVE), PaymentManager.PaymentMethodDTO(paymentProxy=OFFLINE, paymentMethod=BANK_TRANSFER, status=ACTIVE), PaymentManager.PaymentMethodDTO(paymentProxy=PAYPAL, paymentMethod=PAYPAL, status=ACTIVE), PaymentManager.PaymentMethodDTO(paymentProxy=MOLLIE, paymentMethod=IDEAL, status=ACTIVE), PaymentManager.PaymentMethodDTO(paymentProxy=SAFERPAY, paymentMethod=CREDIT_CARD, status=ACTIVE)] or all blacklisted [CREDIT_CARD, PAYPAL, IDEAL, BANK_TRANSFER, ON_SITE, APPLE_PAY, BANCONTACT, ING_HOME_PAY, BELFIUS, KBC, PRZELEWY_24, ALIPAY, POSTFINANCE, TWINT] 
]]></system-out>
  <system-err><![CDATA[]]></system-err>
</testsuite>
