<?xml version="1.0" encoding="UTF-8"?>
<testsuite name="EventManager: handle category check-in configuration" tests="4" skipped="0" failures="0" errors="0" timestamp="2025-07-13T10:08:50" hostname="mac.home" time="0.113">
  <properties/>
  <testcase name="saveConfigurationNewColor()" classname="alfio.manager.EventManagerCheckInConfigurationTest" time="0.11"/>
  <testcase name="saveConfigurationModifyColor()" classname="alfio.manager.EventManagerCheckInConfigurationTest" time="0.001"/>
  <testcase name="insertConfiguration()" classname="alfio.manager.EventManagerCheckInConfigurationTest" time="0.001"/>
  <testcase name="saveConfigurationExistingColor()" classname="alfio.manager.EventManagerCheckInConfigurationTest" time="0.001"/>
  <system-out><![CDATA[]]></system-out>
  <system-err><![CDATA[]]></system-err>
</testsuite>
