<?xml version="1.0" encoding="UTF-8"?>
<testsuite name="alfio.manager.support.reservation.ReservationCostCalculatorTest" tests="5" skipped="0" failures="0" errors="0" timestamp="2025-07-13T10:08:52" hostname="mac.home" time="0.009">
  <properties/>
  <testcase name="calcReservationCostWithASVatIncludedASNoVat()" classname="alfio.manager.support.reservation.ReservationCostCalculatorTest" time="0.004"/>
  <testcase name="calcReservationCostWithASVatIncludedInherited()" classname="alfio.manager.support.reservation.ReservationCostCalculatorTest" time="0.001"/>
  <testcase name="calcReservationCostWithASVatNotIncludedASInherited()" classname="alfio.manager.support.reservation.ReservationCostCalculatorTest" time="0.002"/>
  <testcase name="calcReservationCostOnlyTickets()" classname="alfio.manager.support.reservation.ReservationCostCalculatorTest" time="0.001"/>
  <testcase name="calcReservationCostWithASVatNotIncludedASNone()" classname="alfio.manager.support.reservation.ReservationCostCalculatorTest" time="0.001"/>
  <system-out><![CDATA[]]></system-out>
  <system-err><![CDATA[]]></system-err>
</testsuite>
