<?xml version="1.0" encoding="UTF-8"?>
<testsuite name="alfio.controller.IndexControllerTest" tests="2" skipped="0" failures="0" errors="0" timestamp="2025-07-13T10:08:28" hostname="mac.home" time="0.916">
  <properties/>
  <testcase name="checkMetaNoIndexWhenEventExpired()" classname="alfio.controller.IndexControllerTest" time="0.897"/>
  <testcase name="preloadTranslationsEventNotPresent()" classname="alfio.controller.IndexControllerTest" time="0.017"/>
  <system-out><![CDATA[]]></system-out>
  <system-err><![CDATA[]]></system-err>
</testsuite>
