<?xml version="1.0" encoding="UTF-8"?>
<testsuite name="alfio.manager.ExtensionManagerTest" tests="2" skipped="0" failures="0" errors="0" timestamp="2025-07-13T10:08:50" hostname="mac.home" time="0.065">
  <properties/>
  <testcase name="handleTicketAssignmentTicketConfirmed()" classname="alfio.manager.ExtensionManagerTest" time="0.065"/>
  <testcase name="handleTicketAssignmentTicketNotConfirmed()" classname="alfio.manager.ExtensionManagerTest" time="0.0"/>
  <system-out><![CDATA[]]></system-out>
  <system-err><![CDATA[]]></system-err>
</testsuite>
