<?xml version="1.0" encoding="UTF-8"?>
<testsuite name="alfio.manager.system.ReservationPriceCalculatorTest$PromoCodeDiscountTest" tests="3" skipped="0" failures="0" errors="0" timestamp="2025-07-13T10:08:52" hostname="mac.home" time="0.002">
  <properties/>
  <testcase name="discountOnItems()" classname="alfio.manager.system.ReservationPriceCalculatorTest$PromoCodeDiscountTest" time="0.001"/>
  <testcase name="returnZeroIfDiscountIsNull()" classname="alfio.manager.system.ReservationPriceCalculatorTest$PromoCodeDiscountTest" time="0.0"/>
  <testcase name="discountOnReservation()" classname="alfio.manager.system.ReservationPriceCalculatorTest$PromoCodeDiscountTest" time="0.001"/>
  <system-out><![CDATA[]]></system-out>
  <system-err><![CDATA[]]></system-err>
</testsuite>
