<?xml version="1.0" encoding="UTF-8"?>
<testsuite name="Waiting List Manager" tests="6" skipped="0" failures="0" errors="0" timestamp="2025-07-13T10:08:51" hostname="mac.home" time="0.099">
  <properties/>
  <testcase name="handle a reservation expiration" classname="alfio.manager.WaitingQueueManagerTest" time="0.062"/>
  <testcase name="handle a bulk cancellation" classname="alfio.manager.WaitingQueueManagerTest" time="0.001"/>
  <testcase name="processPreReservations()" classname="alfio.manager.WaitingQueueManagerTest" time="0.032"/>
  <testcase name="revert tickets to free if there isn't any subscriber" classname="alfio.manager.WaitingQueueManagerTest" time="0.001"/>
  <testcase name="handle a reservation confirmation" classname="alfio.manager.WaitingQueueManagerTest" time="0.001"/>
  <testcase name="do nothing if there are 0 subscribers and 0 waiting tickets" classname="alfio.manager.WaitingQueueManagerTest" time="0.0"/>
  <system-out><![CDATA[]]></system-out>
  <system-err><![CDATA[]]></system-err>
</testsuite>
